<?xml version="1.0" encoding="UTF-8"?>
<!-- Generated by org.testng.reporters.JUnitReportReporter -->
<testsuite skipped="0" hostname="HTS-034" name="QA.test.TestPruebas" tests="1" failures="0" timestamp="19 dic 2018 16:20:18 GMT" time="8.992" errors="0">
  <testcase name="CP001" time="8.992" classname="QA.test.TestPruebas"/>
</testsuite> <!-- QA.test.TestPruebas -->
