<?xml version="1.0" encoding="UTF-8"?>
<!-- Generated by org.testng.reporters.JUnitReportReporter -->
<testsuite skipped="0" hostname="HTS-034" name="tokenizador.TestSuper" tests="1" failures="0" timestamp="22 nov 2018 19:17:09 GMT" time="3.819" errors="0">
  <testcase name="Login" time="3.819" classname="tokenizador.TestSuper"/>
</testsuite> <!-- tokenizador.TestSuper -->
