<?xml version="1.0" encoding="UTF-8"?>
<!-- Generated by org.testng.reporters.JUnitReportReporter -->
<testsuite skipped="0" hostname="HTS-034" name="QA.test.TestSuper" tests="1" failures="0" timestamp="22 nov 2018 16:34:29 GMT" time="8.555" errors="0">
  <testcase name="Login" time="8.555" classname="QA.test.TestSuper"/>
</testsuite> <!-- QA.test.TestSuper -->
