<?xml version="1.0" encoding="UTF-8"?>
<!-- Generated by org.testng.reporters.JUnitReportReporter -->
<testsuite skipped="1" hostname="HTS-034" name="QA.test.TestProviderExcel" tests="1" failures="0" timestamp="19 dic 2018 18:38:02 GMT" time="0.000" errors="0">
  <testcase name="LoginDelSuper" time="0.000" classname="QA.test.TestProviderExcel">
    <skipped/>
  </testcase> <!-- LoginDelSuper -->
</testsuite> <!-- QA.test.TestProviderExcel -->
